[13634][1596267495535][main][info]["Booting Postman 7.29.1, linux-5.7.11-arch1-1 on x64"]
[13634][1596267495540][main][info]["EventBus~initialize - Success"]
[13634][1596267495544][main][warn]["CloudProxyManager~init: Error while reading proxy configuration from user data - ",{"errno":-2,"code":"ENOENT","syscall":"open","path":"/home/juan/.config/Postman/Postman_Config/proxy","name":"Error","message":"ENOENT: no such file or directory, open '/home/juan/.config/Postman/Postman_Config/proxy'","stack":"Error: ENOENT: no such file or directory, open '/home/juan/.config/Postman/Postman_Config/proxy'"}]
[13634][1596267495545][main][info]["CloudProxyManager~init - Success"]
[13634][1596267495555][main][info]["UpdateHandler~init - Success"]
[13634][1596267495915][main][info]["RuntimeIPCAgent~started: Success"]
[13634][1596267496060][main][info]["LinuxAutoUpdater~Cleanup - Initial cleanup successful"]
[13634][1596267496126][main][warn]["main~populateInstallationId: Failed to get installationId from appSettings but with no error"]
[13634][1596267496170][main][info]["Bootstrap-models~bootstrap - Success"]
[13634][1596267496402][main][info]["window-manager~newSharedWindow: Shell loaded"]
[13634][1596267499847][main][info]["Main~AppEvents - Received booted event for process shared"]
[13634][1596267502472][main][info]["UpdateHandler~app-update-events - Received event",{"name":"checkForElectronVersionUpdated","namespace":"appUpdate"}]
[13634][1596267502505][main][info]["Main~AppEvents - Received booted event for process requester"]
[13634][1596267607962][main][info]["WindowManager~closeHandler - Closed Window (id: 4 )"]
[13634][1596267607992][main][info]["Quitting app"]
[13965][1596267614440][main][info]["Booting Postman 7.29.1, linux-5.7.11-arch1-1 on x64"]
[13965][1596267614445][main][info]["EventBus~initialize - Success"]
[13965][1596267614448][main][warn]["CloudProxyManager~init: Error while reading proxy configuration from user data - ",{"errno":-2,"code":"ENOENT","syscall":"open","path":"/home/juan/.config/Postman/Postman_Config/proxy","name":"Error","message":"ENOENT: no such file or directory, open '/home/juan/.config/Postman/Postman_Config/proxy'","stack":"Error: ENOENT: no such file or directory, open '/home/juan/.config/Postman/Postman_Config/proxy'"}]
[13965][1596267614450][main][info]["CloudProxyManager~init - Success"]
[13965][1596267614460][main][info]["UpdateHandler~init - Success"]
[13965][1596267614840][main][info]["RuntimeIPCAgent~started: Success"]
[13965][1596267614974][main][info]["LinuxAutoUpdater~Cleanup - Initial cleanup successful"]
[13965][1596267615058][main][info]["Bootstrap-models~bootstrap - Success"]
[13965][1596267615298][main][info]["window-manager~newSharedWindow: Shell loaded"]
[13965][1596267618239][main][info]["Main~AppEvents - Received booted event for process shared"]
[13965][1596267620613][main][info]["UpdateHandler~app-update-events - Received event",{"name":"checkForElectronVersionUpdated","namespace":"appUpdate"}]
[13965][1596267620633][main][info]["Main~AppEvents - Received booted event for process requester"]
[13965][1596267752079][main][info]["WindowManager~closeHandler - Closed Window (id: 3 )"]
[13965][1596267752111][main][info]["Quitting app"]
[1048][1596268469790][main][info]["Booting Postman 7.29.1, linux-5.7.11-arch1-1 on x64"]
[1048][1596268469795][main][info]["EventBus~initialize - Success"]
[1048][1596268469798][main][warn]["CloudProxyManager~init: Error while reading proxy configuration from user data - ",{"errno":-2,"code":"ENOENT","syscall":"open","path":"/home/juan/.config/Postman/Postman_Config/proxy","name":"Error","message":"ENOENT: no such file or directory, open '/home/juan/.config/Postman/Postman_Config/proxy'","stack":"Error: ENOENT: no such file or directory, open '/home/juan/.config/Postman/Postman_Config/proxy'"}]
[1048][1596268469800][main][info]["CloudProxyManager~init - Success"]
[1048][1596268469809][main][info]["UpdateHandler~init - Success"]
[1048][1596268470574][main][info]["RuntimeIPCAgent~started: Success"]
[1048][1596268470804][main][info]["LinuxAutoUpdater~Cleanup - Initial cleanup successful"]
[1048][1596268470947][main][info]["Bootstrap-models~bootstrap - Success"]
[1048][1596268471338][main][info]["window-manager~newSharedWindow: Shell loaded"]
[1048][1596268474317][main][info]["Main~AppEvents - Received booted event for process shared"]
[1048][1596268477453][main][info]["UpdateHandler~app-update-events - Received event",{"name":"checkForElectronVersionUpdated","namespace":"appUpdate"}]
[1048][1596268477477][main][info]["Main~AppEvents - Received booted event for process requester"]
[1048][1596269111283][main][info]["WindowManager~closeHandler - Closed Window (id: 3 )"]
[1048][1596269111328][main][info]["Quitting app"]
[3044][1596269117323][main][info]["Booting Postman 7.29.1, linux-5.7.11-arch1-1 on x64"]
[3044][1596269117328][main][info]["EventBus~initialize - Success"]
[3044][1596269117331][main][warn]["CloudProxyManager~init: Error while reading proxy configuration from user data - ",{"errno":-2,"code":"ENOENT","syscall":"open","path":"/home/juan/.config/Postman/Postman_Config/proxy","name":"Error","message":"ENOENT: no such file or directory, open '/home/juan/.config/Postman/Postman_Config/proxy'","stack":"Error: ENOENT: no such file or directory, open '/home/juan/.config/Postman/Postman_Config/proxy'"}]
[3044][1596269117333][main][info]["CloudProxyManager~init - Success"]
[3044][1596269117343][main][info]["UpdateHandler~init - Success"]
[3044][1596269117693][main][info]["RuntimeIPCAgent~started: Success"]
[3044][1596269117816][main][info]["LinuxAutoUpdater~Cleanup - Initial cleanup successful"]
[3044][1596269117914][main][info]["Bootstrap-models~bootstrap - Success"]
[3044][1596269118168][main][info]["window-manager~newSharedWindow: Shell loaded"]
[3044][1596269121234][main][info]["Main~AppEvents - Received booted event for process shared"]
[3044][1596269123584][main][info]["UpdateHandler~app-update-events - Received event",{"name":"checkForElectronVersionUpdated","namespace":"appUpdate"}]
[3044][1596269123605][main][info]["Main~AppEvents - Received booted event for process requester"]
[3044][1596270198452][main][info]["WindowManager~closeHandler - Closed Window (id: 3 )"]
[3044][1596270198500][main][info]["Quitting app"]
[4545][1596270202059][main][info]["Booting Postman 7.29.1, linux-5.7.11-arch1-1 on x64"]
[4545][1596270202062][main][info]["EventBus~initialize - Success"]
[4545][1596270202064][main][warn]["CloudProxyManager~init: Error while reading proxy configuration from user data - ",{"errno":-2,"code":"ENOENT","syscall":"open","path":"/home/juan/.config/Postman/Postman_Config/proxy","name":"Error","message":"ENOENT: no such file or directory, open '/home/juan/.config/Postman/Postman_Config/proxy'","stack":"Error: ENOENT: no such file or directory, open '/home/juan/.config/Postman/Postman_Config/proxy'"}]
[4545][1596270202065][main][info]["CloudProxyManager~init - Success"]
[4545][1596270202071][main][info]["UpdateHandler~init - Success"]
[4545][1596270202394][main][info]["RuntimeIPCAgent~started: Success"]
[4545][1596270202521][main][info]["LinuxAutoUpdater~Cleanup - Initial cleanup successful"]
[4545][1596270202600][main][info]["Bootstrap-models~bootstrap - Success"]
[4545][1596270202843][main][info]["window-manager~newSharedWindow: Shell loaded"]
[4545][1596270205755][main][info]["Main~AppEvents - Received booted event for process shared"]
[4545][1596270208163][main][info]["UpdateHandler~app-update-events - Received event",{"name":"checkForElectronVersionUpdated","namespace":"appUpdate"}]
[4545][1596270208186][main][info]["Main~AppEvents - Received booted event for process requester"]
[4545][1596270360626][main][info]["WindowManager~closeHandler - Closed Window (id: 3 )"]
[4545][1596270360665][main][info]["Quitting app"]
