[13634][1596267496374][shell][info]["EventBus~initialize - Success"]
[13634][1596267496386][shell][info]["bootShellCrashReporter~ Success"]
[13634][1596267496388][shell][info]["shellController~init: Success"]
[13634][1596267496389][shell][info]["shellMeta~init: Success"]
[13634][1596267496414][shell][info]["init~setViewAttributes - Initializing view with opts:",{"devtools":false,"id":2,"startTime":1596267496004,"type":"shared","partitionId":"default"}]
[13634][1596267496417][shell][info]["init~setViewAttributes - Success"]
[13634][1596267500240][shell][info]["EventBus~initialize - Success"]
[13634][1596267500254][shell][info]["bootShellCrashReporter~ Success"]
[13634][1596267500257][shell][info]["shellController~init: Success"]
[13634][1596267500258][shell][info]["shellMeta~init: Success"]
[13634][1596267500281][shell][info]["init~setViewAttributes - Initializing view with opts:",{"allIds":[4],"devtools":false,"id":4,"primaryId":4,"startTime":1596267499888,"type":"requester","partitionId":"default"}]
[13634][1596267500283][shell][info]["init~setViewAttributes - Success"]
[13965][1596267615268][shell][info]["EventBus~initialize - Success"]
[13965][1596267615281][shell][info]["bootShellCrashReporter~ Success"]
[13965][1596267615284][shell][info]["shellController~init: Success"]
[13965][1596267615284][shell][info]["shellMeta~init: Success"]
[13965][1596267615308][shell][info]["init~setViewAttributes - Initializing view with opts:",{"devtools":false,"id":2,"startTime":1596267614916,"type":"shared","partitionId":"default"}]
[13965][1596267615310][shell][info]["init~setViewAttributes - Success"]
[13965][1596267618599][shell][info]["EventBus~initialize - Success"]
[13965][1596267618611][shell][info]["bootShellCrashReporter~ Success"]
[13965][1596267618613][shell][info]["shellController~init: Success"]
[13965][1596267618613][shell][info]["shellMeta~init: Success"]
[13965][1596267618631][shell][info]["init~setViewAttributes - Initializing view with opts:",{"allIds":[3],"devtools":false,"id":3,"primaryId":3,"startTime":1596267618298,"type":"requester","partitionId":"default"}]
[13965][1596267618632][shell][info]["init~setViewAttributes - Success"]
[1048][1596268471289][shell][info]["EventBus~initialize - Success"]
[1048][1596268471314][shell][info]["bootShellCrashReporter~ Success"]
[1048][1596268471318][shell][info]["shellController~init: Success"]
[1048][1596268471319][shell][info]["shellMeta~init: Success"]
[1048][1596268471351][shell][info]["init~setViewAttributes - Initializing view with opts:",{"devtools":false,"id":2,"startTime":1596268470722,"type":"shared","partitionId":"default"}]
[1048][1596268471353][shell][info]["init~setViewAttributes - Success"]
[1048][1596268474899][shell][info]["EventBus~initialize - Success"]
[1048][1596268474916][shell][info]["bootShellCrashReporter~ Success"]
[1048][1596268474919][shell][info]["shellController~init: Success"]
[1048][1596268474920][shell][info]["shellMeta~init: Success"]
[1048][1596268474942][shell][info]["init~setViewAttributes - Initializing view with opts:",{"allIds":[3],"devtools":false,"id":3,"primaryId":3,"startTime":1596268474422,"type":"requester","partitionId":"default"}]
[1048][1596268474943][shell][info]["init~setViewAttributes - Success"]
[3044][1596269118139][shell][info]["EventBus~initialize - Success"]
[3044][1596269118153][shell][info]["bootShellCrashReporter~ Success"]
[3044][1596269118155][shell][info]["shellController~init: Success"]
[3044][1596269118156][shell][info]["shellMeta~init: Success"]
[3044][1596269118176][shell][info]["init~setViewAttributes - Initializing view with opts:",{"devtools":false,"id":2,"startTime":1596269117772,"type":"shared","partitionId":"default"}]
[3044][1596269118178][shell][info]["init~setViewAttributes - Success"]
[3044][1596269121594][shell][info]["EventBus~initialize - Success"]
[3044][1596269121605][shell][info]["bootShellCrashReporter~ Success"]
[3044][1596269121608][shell][info]["shellController~init: Success"]
[3044][1596269121608][shell][info]["shellMeta~init: Success"]
[3044][1596269121626][shell][info]["init~setViewAttributes - Initializing view with opts:",{"allIds":[3],"devtools":false,"id":3,"primaryId":3,"startTime":1596269121284,"type":"requester","partitionId":"default"}]
[3044][1596269121628][shell][info]["init~setViewAttributes - Success"]
[4545][1596270202816][shell][info]["EventBus~initialize - Success"]
[4545][1596270202828][shell][info]["bootShellCrashReporter~ Success"]
[4545][1596270202830][shell][info]["shellController~init: Success"]
[4545][1596270202831][shell][info]["shellMeta~init: Success"]
[4545][1596270202851][shell][info]["init~setViewAttributes - Initializing view with opts:",{"devtools":false,"id":2,"startTime":1596270202473,"type":"shared","partitionId":"default"}]
[4545][1596270202854][shell][info]["init~setViewAttributes - Success"]
[4545][1596270206126][shell][info]["EventBus~initialize - Success"]
[4545][1596270206137][shell][info]["bootShellCrashReporter~ Success"]
[4545][1596270206139][shell][info]["shellController~init: Success"]
[4545][1596270206140][shell][info]["shellMeta~init: Success"]
[4545][1596270206158][shell][info]["init~setViewAttributes - Initializing view with opts:",{"allIds":[3],"devtools":false,"id":3,"primaryId":3,"startTime":1596270205815,"type":"requester","partitionId":"default"}]
[4545][1596270206160][shell][info]["init~setViewAttributes - Success"]
