[13634][1596267502195][requester][info]["EventBus~initialize - Success"]
[13634][1596267502198][requester][info]["Messaging~boot - Success"]
[13634][1596267502211][requester][info]["bootCrashReporter~ Success"]
[13634][1596267502213][requester][info]["Telemetry~boot - Success"]
[13634][1596267502214][requester][info]["bootConfigurations~initialize - Success"]
[13634][1596267502216][requester][info]["Settings~boot - Success"]
[13634][1596267502306][requester][info]["bootstrapModels - Success"]
[13634][1596267502308][requester][info]["WLModels~boot - Success"]
[13634][1596267502396][requester][info]["Session~boot - Success"]
[13634][1596267502401][requester][info]["IndependentServices~boot - Success"]
[13634][1596267502428][requester][info]["AppModels~boot - Success"]
[13634][1596267502432][requester][info]["RuntimeListeners~boot- Success"]
[13634][1596267502433][requester][info]["DBWatcher~boot - Success"]
[13634][1596267502435][requester][info]["ThemeManager~boot - Success"]
[13634][1596267502436][requester][info]["Store~boot - Success"]
[13634][1596267502439][requester][info]["Shortcuts~boot - Success"]
[13634][1596267502439][requester][info]["SyncProxy~boot - Success"]
[13634][1596267502464][requester][info]["NewConsole~boot - Success"]
[13634][1596267502468][requester][info]["APIDevInterface~boot - Success"]
[13634][1596267502482][requester][info]["Requester~boot - Success"]
[13634][1596267502483][requester][info]["booted - requester"]
[13634][1596267502532][requester][warn]["CloudProxyHandler: Error while reading proxy configuration from user data - ",{"errno":-2,"code":"ENOENT","syscall":"open","path":"/home/juan/.config/Postman/Postman_Config/proxy","name":"Error","message":"ENOENT: no such file or directory, open '/home/juan/.config/Postman/Postman_Config/proxy'","stack":"Error: ENOENT: no such file or directory, open '/home/juan/.config/Postman/Postman_Config/proxy'"}]
[13634][1596267504318][requester][info]["SessionValidation - Registering listener"]
[13634][1596267504361][requester][warn]["FeatureFlagsStore~updateFlags: Could not find feature flags",{"error":{"message":"SyncRequestService\\x7erequestListener: Could not fetch from sync. Socket not connected."}}]
[13965][1596267620415][requester][info]["EventBus~initialize - Success"]
[13965][1596267620418][requester][info]["Messaging~boot - Success"]
[13965][1596267620429][requester][info]["bootCrashReporter~ Success"]
[13965][1596267620431][requester][info]["Telemetry~boot - Success"]
[13965][1596267620432][requester][info]["bootConfigurations~initialize - Success"]
[13965][1596267620434][requester][info]["Settings~boot - Success"]
[13965][1596267620501][requester][info]["bootstrapModels - Success"]
[13965][1596267620502][requester][info]["WLModels~boot - Success"]
[13965][1596267620546][requester][info]["Session~boot - Success"]
[13965][1596267620549][requester][info]["IndependentServices~boot - Success"]
[13965][1596267620571][requester][info]["AppModels~boot - Success"]
[13965][1596267620576][requester][info]["RuntimeListeners~boot- Success"]
[13965][1596267620576][requester][info]["DBWatcher~boot - Success"]
[13965][1596267620579][requester][info]["ThemeManager~boot - Success"]
[13965][1596267620580][requester][info]["Store~boot - Success"]
[13965][1596267620583][requester][info]["Shortcuts~boot - Success"]
[13965][1596267620584][requester][info]["SyncProxy~boot - Success"]
[13965][1596267620603][requester][info]["NewConsole~boot - Success"]
[13965][1596267620609][requester][info]["APIDevInterface~boot - Success"]
[13965][1596267620620][requester][info]["Requester~boot - Success"]
[13965][1596267620620][requester][info]["booted - requester"]
[13965][1596267620658][requester][warn]["CloudProxyHandler: Error while reading proxy configuration from user data - ",{"errno":-2,"code":"ENOENT","syscall":"open","path":"/home/juan/.config/Postman/Postman_Config/proxy","name":"Error","message":"ENOENT: no such file or directory, open '/home/juan/.config/Postman/Postman_Config/proxy'","stack":"Error: ENOENT: no such file or directory, open '/home/juan/.config/Postman/Postman_Config/proxy'"}]
[13965][1596267622339][requester][info]["SessionValidation - Registering listener"]
[13965][1596267622378][requester][warn]["FeatureFlagsStore~updateFlags: Could not find feature flags",{"error":{"message":"SyncRequestService\\x7erequestListener: Could not fetch from sync. Socket not connected."}}]
[1048][1596268477169][requester][info]["EventBus~initialize - Success"]
[1048][1596268477172][requester][info]["Messaging~boot - Success"]
[1048][1596268477185][requester][info]["bootCrashReporter~ Success"]
[1048][1596268477187][requester][info]["Telemetry~boot - Success"]
[1048][1596268477189][requester][info]["bootConfigurations~initialize - Success"]
[1048][1596268477193][requester][info]["Settings~boot - Success"]
[1048][1596268477309][requester][info]["bootstrapModels - Success"]
[1048][1596268477310][requester][info]["WLModels~boot - Success"]
[1048][1596268477382][requester][info]["Session~boot - Success"]
[1048][1596268477387][requester][info]["IndependentServices~boot - Success"]
[1048][1596268477407][requester][info]["AppModels~boot - Success"]
[1048][1596268477413][requester][info]["RuntimeListeners~boot- Success"]
[1048][1596268477413][requester][info]["DBWatcher~boot - Success"]
[1048][1596268477416][requester][info]["ThemeManager~boot - Success"]
[1048][1596268477417][requester][info]["Store~boot - Success"]
[1048][1596268477420][requester][info]["Shortcuts~boot - Success"]
[1048][1596268477421][requester][info]["SyncProxy~boot - Success"]
[1048][1596268477443][requester][info]["NewConsole~boot - Success"]
[1048][1596268477449][requester][info]["APIDevInterface~boot - Success"]
[1048][1596268477461][requester][info]["Requester~boot - Success"]
[1048][1596268477462][requester][info]["booted - requester"]
[1048][1596268477502][requester][warn]["CloudProxyHandler: Error while reading proxy configuration from user data - ",{"errno":-2,"code":"ENOENT","syscall":"open","path":"/home/juan/.config/Postman/Postman_Config/proxy","name":"Error","message":"ENOENT: no such file or directory, open '/home/juan/.config/Postman/Postman_Config/proxy'","stack":"Error: ENOENT: no such file or directory, open '/home/juan/.config/Postman/Postman_Config/proxy'"}]
[1048][1596268479473][requester][info]["SessionValidation - Registering listener"]
[1048][1596268479509][requester][warn]["FeatureFlagsStore~updateFlags: Could not find feature flags",{"error":{"message":"SyncRequestService\\x7erequestListener: Could not fetch from sync. Socket not connected."}}]
[3044][1596269123377][requester][info]["EventBus~initialize - Success"]
[3044][1596269123381][requester][info]["Messaging~boot - Success"]
[3044][1596269123391][requester][info]["bootCrashReporter~ Success"]
[3044][1596269123393][requester][info]["Telemetry~boot - Success"]
[3044][1596269123395][requester][info]["bootConfigurations~initialize - Success"]
[3044][1596269123398][requester][info]["Settings~boot - Success"]
[3044][1596269123468][requester][info]["bootstrapModels - Success"]
[3044][1596269123469][requester][info]["WLModels~boot - Success"]
[3044][1596269123516][requester][info]["Session~boot - Success"]
[3044][1596269123519][requester][info]["IndependentServices~boot - Success"]
[3044][1596269123541][requester][info]["AppModels~boot - Success"]
[3044][1596269123548][requester][info]["RuntimeListeners~boot- Success"]
[3044][1596269123549][requester][info]["DBWatcher~boot - Success"]
[3044][1596269123552][requester][info]["ThemeManager~boot - Success"]
[3044][1596269123552][requester][info]["Store~boot - Success"]
[3044][1596269123555][requester][info]["Shortcuts~boot - Success"]
[3044][1596269123556][requester][info]["SyncProxy~boot - Success"]
[3044][1596269123576][requester][info]["NewConsole~boot - Success"]
[3044][1596269123581][requester][info]["APIDevInterface~boot - Success"]
[3044][1596269123591][requester][info]["Requester~boot - Success"]
[3044][1596269123592][requester][info]["booted - requester"]
[3044][1596269123628][requester][warn]["CloudProxyHandler: Error while reading proxy configuration from user data - ",{"errno":-2,"code":"ENOENT","syscall":"open","path":"/home/juan/.config/Postman/Postman_Config/proxy","name":"Error","message":"ENOENT: no such file or directory, open '/home/juan/.config/Postman/Postman_Config/proxy'","stack":"Error: ENOENT: no such file or directory, open '/home/juan/.config/Postman/Postman_Config/proxy'"}]
[3044][1596269125220][requester][info]["SessionValidation - Registering listener"]
[3044][1596269125264][requester][warn]["FeatureFlagsStore~updateFlags: Could not find feature flags",{"error":{"message":"SyncRequestService\\x7erequestListener: Could not fetch from sync. Socket not connected."}}]
[3044][1596269822834][requester][warn]["Failed to subscribe to workspace for all APIs",{"name":"Error","message":"","stack":"Error\n    at SafeSubscriber._next (file:///opt/postman/app/resources/app/js/vendor-shared.js:478253:24)\n    at SafeSubscriber.__tryOrUnsub (file:///opt/postman/app/resources/app/js/vendor-shared.js:42867:16)\n    at SafeSubscriber.next (file:///opt/postman/app/resources/app/js/vendor-shared.js:42805:22)\n    at Subscriber._next (file:///opt/postman/app/resources/app/js/vendor-shared.js:42748:26)\n    at Subscriber.next (file:///opt/postman/app/resources/app/js/vendor-shared.js:42725:18)\n    at FilterSubscriber._next (file:///opt/postman/app/resources/app/js/vendor-shared.js:181886:30)\n    at FilterSubscriber.Subscriber.next (file:///opt/postman/app/resources/app/js/vendor-shared.js:42725:18)\n    at RefCountSubscriber.Subscriber._next (file:///opt/postman/app/resources/app/js/vendor-shared.js:42748:26)\n    at RefCountSubscriber.Subscriber.next (file:///opt/postman/app/resources/app/js/vendor-shared.js:42725:18)\n    at Subject.next (file:///opt/postman/app/resources/app/js/vendor-shared.js:80230:25)\n    at ConnectableSubscriber.Subscriber._next (file:///opt/postman/app/resources/app/js/vendor-shared.js:42748:26)\n    at ConnectableSubscriber.Subscriber.next (file:///opt/postman/app/resources/app/js/vendor-shared.js:42725:18)\n    at EventEmitter.<anonymous> (file:///opt/postman/app/resources/app/js/vendor-shared.js:478200:14)\n    at EventEmitter.emit (file:///opt/postman/app/resources/app/js/vendor-shared.js:49069:5)\n    at _dispatch (file:///opt/postman/app/resources/app/js/vendor-shared.js:179931:14)\n    at EventEmitter.<anonymous> (file:///opt/postman/app/resources/app/js/vendor-shared.js:179941:9)"}]
[3044][1596269822926][requester][warn]["APIDevService~getAPIs: Failed to get APIs.",{"error":{"message":"SyncRequestService\\x7erequestListener: Could not fetch from sync. Socket not connected."}}]
[3044][1596269822928][requester][warn]["Failed to refresh API List",{"error":{"message":"SyncRequestService\\x7erequestListener: Could not fetch from sync. Socket not connected."}}]
[3044][1596269823519][requester][warn]["FeatureFlagsStore~updateFlags: Could not find feature flags",{"error":{"message":"SyncRequestService\\x7erequestListener: Could not fetch from sync. Socket not connected."}}]
[4545][1596270207964][requester][info]["EventBus~initialize - Success"]
[4545][1596270207967][requester][info]["Messaging~boot - Success"]
[4545][1596270207978][requester][info]["bootCrashReporter~ Success"]
[4545][1596270207980][requester][info]["Telemetry~boot - Success"]
[4545][1596270207981][requester][info]["bootConfigurations~initialize - Success"]
[4545][1596270207984][requester][info]["Settings~boot - Success"]
[4545][1596270208054][requester][info]["bootstrapModels - Success"]
[4545][1596270208054][requester][info]["WLModels~boot - Success"]
[4545][1596270208099][requester][info]["Session~boot - Success"]
[4545][1596270208104][requester][info]["IndependentServices~boot - Success"]
[4545][1596270208126][requester][info]["AppModels~boot - Success"]
[4545][1596270208131][requester][info]["RuntimeListeners~boot- Success"]
[4545][1596270208132][requester][info]["DBWatcher~boot - Success"]
[4545][1596270208137][requester][info]["ThemeManager~boot - Success"]
[4545][1596270208138][requester][info]["Store~boot - Success"]
[4545][1596270208141][requester][info]["Shortcuts~boot - Success"]
[4545][1596270208141][requester][info]["SyncProxy~boot - Success"]
[4545][1596270208156][requester][info]["NewConsole~boot - Success"]
[4545][1596270208161][requester][info]["APIDevInterface~boot - Success"]
[4545][1596270208172][requester][info]["Requester~boot - Success"]
[4545][1596270208172][requester][info]["booted - requester"]
[4545][1596270208210][requester][warn]["CloudProxyHandler: Error while reading proxy configuration from user data - ",{"errno":-2,"code":"ENOENT","syscall":"open","path":"/home/juan/.config/Postman/Postman_Config/proxy","name":"Error","message":"ENOENT: no such file or directory, open '/home/juan/.config/Postman/Postman_Config/proxy'","stack":"Error: ENOENT: no such file or directory, open '/home/juan/.config/Postman/Postman_Config/proxy'"}]
[4545][1596270210290][requester][info]["SessionValidation - Registering listener"]
